Sat Nov  5 15:50:49 PDT 2022
Thu Nov 10 10:02:09 PST 2022
Thu Nov 10 10:39:43 PST 2022
Thu Nov 10 11:33:42 PST 2022
Thu Nov 10 12:13:00 PST 2022
Thu Nov 10 17:36:13 PST 2022
Fri Nov 11 10:02:44 PST 2022
Mon Nov 14 10:31:43 PST 2022
Thu Mar 23 12:34:10 PDT 2023
Thu Mar 23 12:47:37 PDT 2023
Fri Mar 24 18:14:51 PDT 2023
Tue Jul 25 15:27:41 PDT 2023
Tue Oct  3 13:22:25 PDT 2023
Tue Oct  3 13:22:31 PDT 2023
Tue Oct  3 13:54:40 PDT 2023
Tue Oct  3 15:57:26 PDT 2023
Wed Oct  4 16:10:30 PDT 2023
Thu Dec  7 12:01:33 PST 2023
Thu Dec  7 12:01:41 PST 2023
Wed Jan 24 15:40:26 EST 2024
Wed Jan 24 15:40:32 EST 2024
Sun Jun 16 13:16:41 EST 2024
Wed Mar 19 19:38:55 EDT 2025
